In file included from [01m[K/home/faith/Work/carto_ws/build/faithcar_msgs/rosidl_generator_c/faithcar_msgs/msg/detail/target_array__functions.h:19[m[K,
                 from [01m[K/home/faith/Work/carto_ws/build/faithcar_msgs/rosidl_generator_c/faithcar_msgs/msg/detail/target_array__functions.c:4[m[K:
[01m[K/home/faith/Work/carto_ws/build/faithcar_msgs/rosidl_generator_c/faithcar_msgs/msg/detail/target_array__struct.h:22:10:[m[K [01;31m[Kfatal error: [m[Kyahboomcar_msgs/msg/detail/target__struct.h: No such file or directory
   22 | #include [01;31m[K"yahboomcar_msgs/msg/detail/target__struct.h"[m[K
      |          [01;31m[K^~~~~~~~~~~~~~~~~~~~~~~~~~~~~~~~~~~~~~~~~~~~~[m[K
compilation terminated.
gmake[2]: *** [CMakeFiles/faithcar_msgs__rosidl_generator_c.dir/build.make:337: CMakeFiles/faithcar_msgs__rosidl_generator_c.dir/rosidl_generator_c/faithcar_msgs/msg/detail/target_array__functions.c.o] Error 1
gmake[2]: *** Waiting for unfinished jobs....
gmake[1]: *** [CMakeFiles/Makefile2:213: CMakeFiles/faithcar_msgs__rosidl_generator_c.dir/all] Error 2
gmake[1]: *** Waiting for unfinished jobs....
In file included from [01m[K/home/faith/Work/carto_ws/build/faithcar_msgs/rosidl_typesupport_cpp/faithcar_msgs/msg/target_array__type_support.cpp:7[m[K:
[01m[K/home/faith/Work/carto_ws/build/faithcar_msgs/rosidl_generator_cpp/faithcar_msgs/msg/detail/target_array__struct.hpp:20:10:[m[K [01;31m[Kfatal error: [m[Kyahboomcar_msgs/msg/detail/target__struct.hpp: No such file or directory
   20 | #include [01;31m[K"yahboomcar_msgs/msg/detail/target__struct.hpp"[m[K
      |          [01;31m[K^~~~~~~~~~~~~~~~~~~~~~~~~~~~~~~~~~~~~~~~~~~~~~~[m[K
compilation terminated.
gmake[2]: *** [CMakeFiles/faithcar_msgs__rosidl_typesupport_cpp.dir/build.make:234: CMakeFiles/faithcar_msgs__rosidl_typesupport_cpp.dir/rosidl_typesupport_cpp/faithcar_msgs/msg/target_array__type_support.cpp.o] Error 1
gmake[2]: *** Waiting for unfinished jobs....
gmake[1]: *** [CMakeFiles/Makefile2:395: CMakeFiles/faithcar_msgs__rosidl_typesupport_cpp.dir/all] Error 2
In file included from [01m[K/home/faith/Work/carto_ws/build/faithcar_msgs/rosidl_typesupport_introspection_cpp/faithcar_msgs/msg/detail/target_array__type_support.cpp:12[m[K:
[01m[K/home/faith/Work/carto_ws/build/faithcar_msgs/rosidl_generator_cpp/faithcar_msgs/msg/detail/target_array__struct.hpp:20:10:[m[K [01;31m[Kfatal error: [m[Kyahboomcar_msgs/msg/detail/target__struct.hpp: No such file or directory
   20 | #include [01;31m[K"yahboomcar_msgs/msg/detail/target__struct.hpp"[m[K
      |          [01;31m[K^~~~~~~~~~~~~~~~~~~~~~~~~~~~~~~~~~~~~~~~~~~~~~~[m[K
compilation terminated.
gmake[2]: *** [CMakeFiles/faithcar_msgs__rosidl_typesupport_introspection_cpp.dir/build.make:260: CMakeFiles/faithcar_msgs__rosidl_typesupport_introspection_cpp.dir/rosidl_typesupport_introspection_cpp/faithcar_msgs/msg/detail/target_array__type_support.cpp.o] Error 1
gmake[2]: *** Waiting for unfinished jobs....
In file included from [01m[K/home/faith/Work/carto_ws/build/faithcar_msgs/rosidl_typesupport_fastrtps_cpp/faithcar_msgs/msg/detail/target_array__rosidl_typesupport_fastrtps_cpp.hpp:11[m[K,
                 from [01m[K/home/faith/Work/carto_ws/build/faithcar_msgs/rosidl_typesupport_fastrtps_cpp/faithcar_msgs/msg/detail/dds_fastrtps/target_array__type_support.cpp:4[m[K:
[01m[K/home/faith/Work/carto_ws/build/faithcar_msgs/rosidl_generator_cpp/faithcar_msgs/msg/detail/target_array__struct.hpp:20:10:[m[K [01;31m[Kfatal error: [m[Kyahboomcar_msgs/msg/detail/target__struct.hpp: No such file or directory
   20 | #include [01;31m[K"yahboomcar_msgs/msg/detail/target__struct.hpp"[m[K
      |          [01;31m[K^~~~~~~~~~~~~~~~~~~~~~~~~~~~~~~~~~~~~~~~~~~~~~~[m[K
compilation terminated.
gmake[2]: *** [CMakeFiles/faithcar_msgs__rosidl_typesupport_fastrtps_cpp.dir/build.make:260: CMakeFiles/faithcar_msgs__rosidl_typesupport_fastrtps_cpp.dir/rosidl_typesupport_fastrtps_cpp/faithcar_msgs/msg/detail/dds_fastrtps/target_array__type_support.cpp.o] Error 1
gmake[2]: *** Waiting for unfinished jobs....
gmake[1]: *** [CMakeFiles/Makefile2:369: CMakeFiles/faithcar_msgs__rosidl_typesupport_introspection_cpp.dir/all] Error 2
gmake[1]: *** [CMakeFiles/Makefile2:343: CMakeFiles/faithcar_msgs__rosidl_typesupport_fastrtps_cpp.dir/all] Error 2
gmake: *** [Makefile:146: all] Error 2
