-- Found ament_cmake: 1.3.5 (/opt/ros/humble/share/ament_cmake/cmake)
-- Found rosidl_default_generators: 1.2.0 (/opt/ros/humble/share/rosidl_default_generators/cmake)
-- Using all available rosidl_typesupport_c: rosidl_typesupport_fastrtps_c;rosidl_typesupport_introspection_c
-- Found rosidl_adapter: 3.1.4 (/opt/ros/humble/share/rosidl_adapter/cmake)
-- Using all available rosidl_typesupport_cpp: rosidl_typesupport_fastrtps_cpp;rosidl_typesupport_introspection_cpp
-- Found geometry_msgs: 4.2.3 (/opt/ros/humble/share/geometry_msgs/cmake)
-- Found actionlib_msgs: 4.2.3 (/opt/ros/humble/share/actionlib_msgs/cmake)
-- Found ament_cmake_ros: 0.10.0 (/opt/ros/humble/share/ament_cmake_ros/cmake)
-- Using all available rosidl_typesupport_c: rosidl_typesupport_fastrtps_c;rosidl_typesupport_introspection_c
-- Using all available rosidl_typesupport_cpp: rosidl_typesupport_fastrtps_cpp;rosidl_typesupport_introspection_cpp
-- Found PythonInterp: /usr/bin/python3 (found suitable version "3.10.6", minimum required is "3.6") 
-- Found python_cmake_module: 0.10.0 (/opt/ros/humble/share/python_cmake_module/cmake)
-- Found PythonLibs: /usr/lib/aarch64-linux-gnu/libpython3.10.so (found suitable version "3.10.6", minimum required is "3.5") 
-- Using PYTHON_EXECUTABLE: /usr/bin/python3
-- Using PYTHON_INCLUDE_DIRS: /usr/include/python3.10
-- Using PYTHON_LIBRARIES: /usr/lib/aarch64-linux-gnu/libpython3.10.so
-- Found PythonExtra: .so  
-- Found ament_lint_auto: 0.12.6 (/opt/ros/humble/share/ament_lint_auto/cmake)
-- Added test 'lint_cmake' to check CMake code style
-- Added test 'xmllint' to check XML markup files
-- Configuring done
-- Generating done
-- Build files have been written to: /home/faith/Work/carto_ws/build/faithcar_msgs
[  1%] [34m[1mGenerating C code for ROS interfaces[0m
[  2%] [34m[1mGenerating C++ code for ROS interfaces[0m
[  2%] Built target ament_cmake_python_copy_faithcar_msgs
running egg_info
creating faithcar_msgs.egg-info
writing faithcar_msgs.egg-info/PKG-INFO
writing dependency_links to faithcar_msgs.egg-info/dependency_links.txt
writing top-level names to faithcar_msgs.egg-info/top_level.txt
writing manifest file 'faithcar_msgs.egg-info/SOURCES.txt'
reading manifest file 'faithcar_msgs.egg-info/SOURCES.txt'
writing manifest file 'faithcar_msgs.egg-info/SOURCES.txt'
[  2%] Built target ament_cmake_python_build_faithcar_msgs_egg
[  2%] Built target faithcar_msgs__cpp
[  4%] [34m[1mGenerating C++ type support for eProsima Fast-RTPS[0m
[  4%] [34m[1mGenerating C++ introspection for ROS interfaces[0m
[  5%] [34m[1mGenerating C++ type support dispatch for ROS interfaces[0m
[  6%] [32mBuilding C object CMakeFiles/faithcar_msgs__rosidl_generator_c.dir/rosidl_generator_c/faithcar_msgs/msg/detail/target_array__functions.c.o[0m
[  8%] [32mBuilding C object CMakeFiles/faithcar_msgs__rosidl_generator_c.dir/rosidl_generator_c/faithcar_msgs/msg/detail/target__functions.c.o[0m
[  9%] [32mBuilding C object CMakeFiles/faithcar_msgs__rosidl_generator_c.dir/rosidl_generator_c/faithcar_msgs/msg/detail/image_msg__functions.c.o[0m
[ 10%] [32mBuilding C object CMakeFiles/faithcar_msgs__rosidl_generator_c.dir/rosidl_generator_c/faithcar_msgs/msg/detail/point_array__functions.c.o[0m
[ 11%] [32mBuilding C object CMakeFiles/faithcar_msgs__rosidl_generator_c.dir/rosidl_generator_c/faithcar_msgs/msg/detail/position__functions.c.o[0m
In file included from [01m[K/home/faith/Work/carto_ws/build/faithcar_msgs/rosidl_generator_c/faithcar_msgs/msg/detail/target_array__functions.h:19[m[K,
                 from [01m[K/home/faith/Work/carto_ws/build/faithcar_msgs/rosidl_generator_c/faithcar_msgs/msg/detail/target_array__functions.c:4[m[K:
[01m[K/home/faith/Work/carto_ws/build/faithcar_msgs/rosidl_generator_c/faithcar_msgs/msg/detail/target_array__struct.h:22:10:[m[K [01;31m[Kfatal error: [m[Kyahboomcar_msgs/msg/detail/target__struct.h: No such file or directory
   22 | #include [01;31m[K"yahboomcar_msgs/msg/detail/target__struct.h"[m[K
      |          [01;31m[K^~~~~~~~~~~~~~~~~~~~~~~~~~~~~~~~~~~~~~~~~~~~~[m[K
compilation terminated.
gmake[2]: *** [CMakeFiles/faithcar_msgs__rosidl_generator_c.dir/build.make:337: CMakeFiles/faithcar_msgs__rosidl_generator_c.dir/rosidl_generator_c/faithcar_msgs/msg/detail/target_array__functions.c.o] Error 1
gmake[2]: *** Waiting for unfinished jobs....
gmake[1]: *** [CMakeFiles/Makefile2:213: CMakeFiles/faithcar_msgs__rosidl_generator_c.dir/all] Error 2
gmake[1]: *** Waiting for unfinished jobs....
[ 12%] [32mBuilding CXX object CMakeFiles/faithcar_msgs__rosidl_typesupport_cpp.dir/rosidl_typesupport_cpp/faithcar_msgs/msg/position__type_support.cpp.o[0m
[ 13%] [32mBuilding CXX object CMakeFiles/faithcar_msgs__rosidl_typesupport_cpp.dir/rosidl_typesupport_cpp/faithcar_msgs/msg/target_array__type_support.cpp.o[0m
[ 14%] [32mBuilding CXX object CMakeFiles/faithcar_msgs__rosidl_typesupport_cpp.dir/rosidl_typesupport_cpp/faithcar_msgs/msg/target__type_support.cpp.o[0m
[ 16%] [32mBuilding CXX object CMakeFiles/faithcar_msgs__rosidl_typesupport_cpp.dir/rosidl_typesupport_cpp/faithcar_msgs/msg/image_msg__type_support.cpp.o[0m
[ 18%] [32mBuilding CXX object CMakeFiles/faithcar_msgs__rosidl_typesupport_cpp.dir/rosidl_typesupport_cpp/faithcar_msgs/msg/point_array__type_support.cpp.o[0m
[ 18%] [32mBuilding CXX object CMakeFiles/faithcar_msgs__rosidl_typesupport_cpp.dir/rosidl_typesupport_cpp/faithcar_msgs/msg/arm_joint__type_support.cpp.o[0m
In file included from [01m[K/home/faith/Work/carto_ws/build/faithcar_msgs/rosidl_typesupport_cpp/faithcar_msgs/msg/target_array__type_support.cpp:7[m[K:
[01m[K/home/faith/Work/carto_ws/build/faithcar_msgs/rosidl_generator_cpp/faithcar_msgs/msg/detail/target_array__struct.hpp:20:10:[m[K [01;31m[Kfatal error: [m[Kyahboomcar_msgs/msg/detail/target__struct.hpp: No such file or directory
   20 | #include [01;31m[K"yahboomcar_msgs/msg/detail/target__struct.hpp"[m[K
      |          [01;31m[K^~~~~~~~~~~~~~~~~~~~~~~~~~~~~~~~~~~~~~~~~~~~~~~[m[K
compilation terminated.
gmake[2]: *** [CMakeFiles/faithcar_msgs__rosidl_typesupport_cpp.dir/build.make:234: CMakeFiles/faithcar_msgs__rosidl_typesupport_cpp.dir/rosidl_typesupport_cpp/faithcar_msgs/msg/target_array__type_support.cpp.o] Error 1
gmake[2]: *** Waiting for unfinished jobs....
[ 19%] [32mBuilding CXX object CMakeFiles/faithcar_msgs__rosidl_typesupport_introspection_cpp.dir/rosidl_typesupport_introspection_cpp/faithcar_msgs/msg/detail/position__type_support.cpp.o[0m
[ 20%] [32mBuilding CXX object CMakeFiles/faithcar_msgs__rosidl_typesupport_introspection_cpp.dir/rosidl_typesupport_introspection_cpp/faithcar_msgs/msg/detail/point_array__type_support.cpp.o[0m
[ 21%] [32mBuilding CXX object CMakeFiles/faithcar_msgs__rosidl_typesupport_fastrtps_cpp.dir/rosidl_typesupport_fastrtps_cpp/faithcar_msgs/msg/detail/dds_fastrtps/position__type_support.cpp.o[0m
[ 22%] [32mBuilding CXX object CMakeFiles/faithcar_msgs__rosidl_typesupport_fastrtps_cpp.dir/rosidl_typesupport_fastrtps_cpp/faithcar_msgs/msg/detail/dds_fastrtps/point_array__type_support.cpp.o[0m
[ 24%] [32mBuilding CXX object CMakeFiles/faithcar_msgs__rosidl_typesupport_fastrtps_cpp.dir/rosidl_typesupport_fastrtps_cpp/faithcar_msgs/msg/detail/dds_fastrtps/image_msg__type_support.cpp.o[0m
[ 25%] [32mBuilding CXX object CMakeFiles/faithcar_msgs__rosidl_typesupport_introspection_cpp.dir/rosidl_typesupport_introspection_cpp/faithcar_msgs/msg/detail/image_msg__type_support.cpp.o[0m
[ 26%] [32mBuilding CXX object CMakeFiles/faithcar_msgs__rosidl_typesupport_introspection_cpp.dir/rosidl_typesupport_introspection_cpp/faithcar_msgs/msg/detail/target__type_support.cpp.o[0m
gmake[1]: *** [CMakeFiles/Makefile2:395: CMakeFiles/faithcar_msgs__rosidl_typesupport_cpp.dir/all] Error 2
[ 27%] [32mBuilding CXX object CMakeFiles/faithcar_msgs__rosidl_typesupport_introspection_cpp.dir/rosidl_typesupport_introspection_cpp/faithcar_msgs/msg/detail/target_array__type_support.cpp.o[0m
In file included from [01m[K/home/faith/Work/carto_ws/build/faithcar_msgs/rosidl_typesupport_introspection_cpp/faithcar_msgs/msg/detail/target_array__type_support.cpp:12[m[K:
[01m[K/home/faith/Work/carto_ws/build/faithcar_msgs/rosidl_generator_cpp/faithcar_msgs/msg/detail/target_array__struct.hpp:20:10:[m[K [01;31m[Kfatal error: [m[Kyahboomcar_msgs/msg/detail/target__struct.hpp: No such file or directory
   20 | #include [01;31m[K"yahboomcar_msgs/msg/detail/target__struct.hpp"[m[K
      |          [01;31m[K^~~~~~~~~~~~~~~~~~~~~~~~~~~~~~~~~~~~~~~~~~~~~~~[m[K
compilation terminated.
gmake[2]: *** [CMakeFiles/faithcar_msgs__rosidl_typesupport_introspection_cpp.dir/build.make:260: CMakeFiles/faithcar_msgs__rosidl_typesupport_introspection_cpp.dir/rosidl_typesupport_introspection_cpp/faithcar_msgs/msg/detail/target_array__type_support.cpp.o] Error 1
gmake[2]: *** Waiting for unfinished jobs....
[ 28%] [32mBuilding CXX object CMakeFiles/faithcar_msgs__rosidl_typesupport_fastrtps_cpp.dir/rosidl_typesupport_fastrtps_cpp/faithcar_msgs/msg/detail/dds_fastrtps/target__type_support.cpp.o[0m
[ 29%] [32mBuilding CXX object CMakeFiles/faithcar_msgs__rosidl_typesupport_fastrtps_cpp.dir/rosidl_typesupport_fastrtps_cpp/faithcar_msgs/msg/detail/dds_fastrtps/arm_joint__type_support.cpp.o[0m
[ 31%] [32mBuilding CXX object CMakeFiles/faithcar_msgs__rosidl_typesupport_fastrtps_cpp.dir/rosidl_typesupport_fastrtps_cpp/faithcar_msgs/msg/detail/dds_fastrtps/target_array__type_support.cpp.o[0m
[ 32%] [32mBuilding CXX object CMakeFiles/faithcar_msgs__rosidl_typesupport_fastrtps_cpp.dir/rosidl_typesupport_fastrtps_cpp/faithcar_msgs/srv/detail/dds_fastrtps/robot_arm_array__type_support.cpp.o[0m
[ 33%] [32mBuilding CXX object CMakeFiles/faithcar_msgs__rosidl_typesupport_fastrtps_cpp.dir/rosidl_typesupport_fastrtps_cpp/faithcar_msgs/srv/detail/dds_fastrtps/kinemarics__type_support.cpp.o[0m
In file included from [01m[K/home/faith/Work/carto_ws/build/faithcar_msgs/rosidl_typesupport_fastrtps_cpp/faithcar_msgs/msg/detail/target_array__rosidl_typesupport_fastrtps_cpp.hpp:11[m[K,
                 from [01m[K/home/faith/Work/carto_ws/build/faithcar_msgs/rosidl_typesupport_fastrtps_cpp/faithcar_msgs/msg/detail/dds_fastrtps/target_array__type_support.cpp:4[m[K:
[01m[K/home/faith/Work/carto_ws/build/faithcar_msgs/rosidl_generator_cpp/faithcar_msgs/msg/detail/target_array__struct.hpp:20:10:[m[K [01;31m[Kfatal error: [m[Kyahboomcar_msgs/msg/detail/target__struct.hpp: No such file or directory
   20 | #include [01;31m[K"yahboomcar_msgs/msg/detail/target__struct.hpp"[m[K
      |          [01;31m[K^~~~~~~~~~~~~~~~~~~~~~~~~~~~~~~~~~~~~~~~~~~~~~~[m[K
compilation terminated.
gmake[2]: *** [CMakeFiles/faithcar_msgs__rosidl_typesupport_fastrtps_cpp.dir/build.make:260: CMakeFiles/faithcar_msgs__rosidl_typesupport_fastrtps_cpp.dir/rosidl_typesupport_fastrtps_cpp/faithcar_msgs/msg/detail/dds_fastrtps/target_array__type_support.cpp.o] Error 1
gmake[2]: *** Waiting for unfinished jobs....
gmake[1]: *** [CMakeFiles/Makefile2:369: CMakeFiles/faithcar_msgs__rosidl_typesupport_introspection_cpp.dir/all] Error 2
gmake[1]: *** [CMakeFiles/Makefile2:343: CMakeFiles/faithcar_msgs__rosidl_typesupport_fastrtps_cpp.dir/all] Error 2
gmake: *** [Makefile:146: all] Error 2
